# JRE version: OpenJDK Runtime Environment (8.0_152-b08) (build 1.8.0_152-release-915-b08)
# Java VM: OpenJDK 64-Bit Server VM (25.152-b08 mixed mode bsd-amd64 compressed oops)
Heap:
 PSYoungGen      total 349184K, used 174127K [0x00000007a0000000, 0x00000007c0000000, 0x00000007c0000000)
  eden space 174592K, 99% used [0x00000007a0000000,0x00000007aaa0be38,0x00000007aaa80000)
  from space 174592K, 0% used [0x00000007aaa80000,0x00000007aaa80000,0x00000007b5500000)
  to   space 174592K, 0% used [0x00000007b5580000,0x00000007b5580000,0x00000007c0000000)
 ParOldGen       total 1048576K, used 962225K [0x0000000760000000, 0x00000007a0000000, 0x00000007a0000000)
  object space 1048576K, 91% used [0x0000000760000000,0x000000079abac698,0x00000007a0000000)
 Metaspace       used 173089K, capacity 194241K, committed 195800K, reserved 1216512K
  class space    used 22690K, capacity 28827K, committed 29184K, reserved 1048576K
GC Heap History (10 events):
Event: 25483.600 GC heap after
Heap after GC invocations=330 (full 24):
 PSYoungGen      total 349696K, used 7614K [0x00000007a0000000, 0x00000007c0000000, 0x00000007c0000000)
  eden space 175104K, 0% used [0x00000007a0000000,0x00000007a0000000,0x00000007aab00000)
  from space 174592K, 4% used [0x00000007b5580000,0x00000007b5cefa98,0x00000007c0000000)
  to   space 174592K, 0% used [0x00000007aab00000,0x00000007aab00000,0x00000007b5580000)
 ParOldGen       total 1048576K, used 902775K [0x0000000760000000, 0x00000007a0000000, 0x00000007a0000000)
  object space 1048576K, 86% used [0x0000000760000000,0x000000079719ddb0,0x00000007a0000000)
 Metaspace       used 166911K, capacity 188009K, committed 195288K, reserved 1216512K
  class space    used 21853K, capacity 27961K, committed 28928K, reserved 1048576K
}
Event: 25485.343 GC heap before
{Heap before GC invocations=331 (full 24):
 PSYoungGen      total 349696K, used 182718K [0x00000007a0000000, 0x00000007c0000000, 0x00000007c0000000)
  eden space 175104K, 100% used [0x00000007a0000000,0x00000007aab00000,0x00000007aab00000)
  from space 174592K, 4% used [0x00000007b5580000,0x00000007b5cefa98,0x00000007c0000000)
  to   space 174592K, 0% used [0x00000007aab00000,0x00000007aab00000,0x00000007b5580000)
 ParOldGen       total 1048576K, used 902775K [0x0000000760000000, 0x00000007a0000000, 0x00000007a0000000)
  object space 1048576K, 86% used [0x0000000760000000,0x000000079719ddb0,0x00000007a0000000)
 Metaspace       used 172496K, capacity 193689K, committed 195288K, reserved 1216512K
  class space    used 22550K, capacity 28691K, committed 28928K, reserved 1048576K
Event: 25485.408 GC heap after
Heap after GC invocations=331 (full 24):
 PSYoungGen      total 246784K, used 71507K [0x00000007a0000000, 0x00000007bff00000, 0x00000007c0000000)
  eden space 175104K, 0% used [0x00000007a0000000,0x00000007a0000000,0x00000007aab00000)
  from space 71680K, 99% used [0x00000007aab00000,0x00000007af0d4c38,0x00000007af100000)
  to   space 174080K, 0% used [0x00000007b5500000,0x00000007b5500000,0x00000007bff00000)
 ParOldGen       total 1048576K, used 907300K [0x0000000760000000, 0x00000007a0000000, 0x00000007a0000000)
  object space 1048576K, 86% used [0x0000000760000000,0x00000007976093e8,0x00000007a0000000)
 Metaspace       used 172496K, capacity 193689K, committed 195288K, reserved 1216512K
  class space    used 22550K, capacity 28691K, committed 28928K, reserved 1048576K
}
Event: 25486.372 GC heap before
{Heap before GC invocations=332 (full 24):
 PSYoungGen      total 246784K, used 246611K [0x00000007a0000000, 0x00000007bff00000, 0x00000007c0000000)
  eden space 175104K, 100% used [0x00000007a0000000,0x00000007aab00000,0x00000007aab00000)
  from space 71680K, 99% used [0x00000007aab00000,0x00000007af0d4c38,0x00000007af100000)
  to   space 174080K, 0% used [0x00000007b5500000,0x00000007b5500000,0x00000007bff00000)
 ParOldGen       total 1048576K, used 907300K [0x0000000760000000, 0x00000007a0000000, 0x00000007a0000000)
  object space 1048576K, 86% used [0x0000000760000000,0x00000007976093e8,0x00000007a0000000)
 Metaspace       used 173200K, capacity 194373K, committed 195672K, reserved 1216512K
  class space    used 22702K, capacity 28829K, committed 29056K, reserved 1048576K
Event: 25486.417 GC heap after
Heap after GC invocations=332 (full 24):
 PSYoungGen      total 348672K, used 97342K [0x00000007a0000000, 0x00000007c0000000, 0x00000007c0000000)
  eden space 174592K, 0% used [0x00000007a0000000,0x00000007a0000000,0x00000007aaa80000)
  from space 174080K, 55% used [0x00000007b5500000,0x00000007bb40fbc0,0x00000007bff00000)
  to   space 174592K, 0% used [0x00000007aaa80000,0x00000007aaa80000,0x00000007b5500000)
 ParOldGen       total 1048576K, used 907308K [0x0000000760000000, 0x00000007a0000000, 0x00000007a0000000)
  object space 1048576K, 86% used [0x0000000760000000,0x000000079760b3e8,0x00000007a0000000)
 Metaspace       used 173200K, capacity 194373K, committed 195672K, reserved 1216512K
  class space    used 22702K, capacity 28829K, committed 29056K, reserved 1048576K
}
Event: 25742.036 GC heap before
{Heap before GC invocations=333 (full 24):
 PSYoungGen      total 348672K, used 271934K [0x00000007a0000000, 0x00000007c0000000, 0x00000007c0000000)
  eden space 174592K, 100% used [0x00000007a0000000,0x00000007aaa80000,0x00000007aaa80000)
  from space 174080K, 55% used [0x00000007b5500000,0x00000007bb40fbc0,0x00000007bff00000)
  to   space 174592K, 0% used [0x00000007aaa80000,0x00000007aaa80000,0x00000007b5500000)
 ParOldGen       total 1048576K, used 907308K [0x0000000760000000, 0x00000007a0000000, 0x00000007a0000000)
  object space 1048576K, 86% used [0x0000000760000000,0x000000079760b3e8,0x00000007a0000000)
 Metaspace       used 173244K, capacity 194499K, committed 195800K, reserved 1216512K
  class space    used 22713K, capacity 28870K, committed 29184K, reserved 1048576K
Event: 25742.090 GC heap after
Heap after GC invocations=333 (full 24):
 PSYoungGen      total 349184K, used 5561K [0x00000007a0000000, 0x00000007c0000000, 0x00000007c0000000)
  eden space 174592K, 0% used [0x00000007a0000000,0x00000007a0000000,0x00000007aaa80000)
  from space 174592K, 3% used [0x00000007aaa80000,0x00000007aafee618,0x00000007b5500000)
  to   space 174592K, 0% used [0x00000007b5580000,0x00000007b5580000,0x00000007c0000000)
 ParOldGen       total 1048576K, used 988831K [0x0000000760000000, 0x00000007a0000000, 0x00000007a0000000)
  object space 1048576K, 94% used [0x0000000760000000,0x000000079c5a7ee0,0x00000007a0000000)
 Metaspace       used 173244K, capacity 194499K, committed 195800K, reserved 1216512K
  class space    used 22713K, capacity 28870K, committed 29184K, reserved 1048576K
}
Event: 25742.090 GC heap before
{Heap before GC invocations=334 (full 25):
 PSYoungGen      total 349184K, used 5561K [0x00000007a0000000, 0x00000007c0000000, 0x00000007c0000000)
  eden space 174592K, 0% used [0x00000007a0000000,0x00000007a0000000,0x00000007aaa80000)
  from space 174592K, 3% used [0x00000007aaa80000,0x00000007aafee618,0x00000007b5500000)
  to   space 174592K, 0% used [0x00000007b5580000,0x00000007b5580000,0x00000007c0000000)
 ParOldGen       total 1048576K, used 988831K [0x0000000760000000, 0x00000007a0000000, 0x00000007a0000000)
  object space 1048576K, 94% used [0x0000000760000000,0x000000079c5a7ee0,0x00000007a0000000)
 Metaspace       used 173244K, capacity 194499K, committed 195800K, reserved 1216512K
  class space    used 22713K, capacity 28870K, committed 29184K, reserved 1048576K
Event: 25745.759 GC heap after
Heap after GC invocations=334 (full 25):
 PSYoungGen      total 349184K, used 0K [0x00000007a0000000, 0x00000007c0000000, 0x00000007c0000000)
  eden space 174592K, 0% used [0x00000007a0000000,0x00000007a0000000,0x00000007aaa80000)
  from space 174592K, 0% used [0x00000007aaa80000,0x00000007aaa80000,0x00000007b5500000)
  to   space 174592K, 0% used [0x00000007b5580000,0x00000007b5580000,0x00000007c0000000)
 ParOldGen       total 1048576K, used 962225K [0x0000000760000000, 0x00000007a0000000, 0x00000007a0000000)
  object space 1048576K, 91% used [0x0000000760000000,0x000000079abac698,0x00000007a0000000)
 Metaspace       used 173086K, capacity 194241K, committed 195800K, reserved 1216512K
  class space    used 22690K, capacity 28827K, committed 29184K, reserved 1048576K
}
Event: 25746.617 GC heap before
{Heap before GC invocations=335 (full 26):
 PSYoungGen      total 349184K, used 174127K [0x00000007a0000000, 0x00000007c0000000, 0x00000007c0000000)
  eden space 174592K, 99% used [0x00000007a0000000,0x00000007aaa0be38,0x00000007aaa80000)
  from space 174592K, 0% used [0x00000007aaa80000,0x00000007aaa80000,0x00000007b5500000)
  to   space 174592K, 0% used [0x00000007b5580000,0x00000007b5580000,0x00000007c0000000)
 ParOldGen       total 1048576K, used 962225K [0x0000000760000000, 0x00000007a0000000, 0x00000007a0000000)
  object space 1048576K, 91% used [0x0000000760000000,0x000000079abac698,0x00000007a0000000)
 Metaspace       used 173089K, capacity 194241K, committed 195800K, reserved 1216512K
  class space    used 22690K, capacity 28827K, committed 29184K, reserved 1048576K

